Using pre-set license
Built from '2021.2/staging' branch; Version is '2021.2.2f1 (5e2b1e92c7f8) revision 6171422'; Using compiler version '192829333'; Build Type 'Release'
OS: 'Windows 10 Pro; OS build 19043.1348; Version 2009; 64bit' Language: 'ru' Physical Memory: 8089 MB
BatchMode: 1, IsHumanControllingUs: 0, StartBugReporterOnCrash: 0, Is64bit: 1, IsPro: 0

COMMAND LINE ARGUMENTS:
C:\Program Files\Unity\Hub\Editor\2021.2.2f1\Editor\Unity.exe
-adb2
-batchMode
-noUpm
-name
AssetImportWorker5
-projectPath
D:/Projects/RogueLike
-logFile
Logs/AssetImportWorker5.log
-srvPort
52221
Successfully changed project path to: D:/Projects/RogueLike
D:/Projects/RogueLike
[UnityMemory] Configuration Parameters - Can be set up in boot.config
    "memorysetup-bucket-allocator-granularity=16"
    "memorysetup-bucket-allocator-bucket-count=8"
    "memorysetup-bucket-allocator-block-size=33554432"
    "memorysetup-bucket-allocator-block-count=8"
    "memorysetup-main-allocator-block-size=16777216"
    "memorysetup-thread-allocator-block-size=16777216"
    "memorysetup-gfx-main-allocator-block-size=16777216"
    "memorysetup-gfx-thread-allocator-block-size=16777216"
    "memorysetup-cache-allocator-block-size=4194304"
    "memorysetup-typetree-allocator-block-size=2097152"
    "memorysetup-profiler-bucket-allocator-granularity=16"
    "memorysetup-profiler-bucket-allocator-bucket-count=8"
    "memorysetup-profiler-bucket-allocator-block-size=33554432"
    "memorysetup-profiler-bucket-allocator-block-count=8"
    "memorysetup-profiler-allocator-block-size=16777216"
    "memorysetup-profiler-editor-allocator-block-size=1048576"
    "memorysetup-temp-allocator-size-main=16777216"
    "memorysetup-job-temp-allocator-block-size=2097152"
    "memorysetup-job-temp-allocator-block-size-background=1048576"
    "memorysetup-job-temp-allocator-reduction-small-platforms=262144"
    "memorysetup-temp-allocator-size-background-worker=32768"
    "memorysetup-temp-allocator-size-job-worker=262144"
    "memorysetup-temp-allocator-size-preload-manager=33554432"
    "memorysetup-temp-allocator-size-nav-mesh-worker=65536"
    "memorysetup-temp-allocator-size-audio-worker=65536"
    "memorysetup-temp-allocator-size-cloud-worker=32768"
    "memorysetup-temp-allocator-size-gi-baking-worker=262144"
    "memorysetup-temp-allocator-size-gfx=262144"
Refreshing native plugins compatible for Editor in 284.13 ms, found 3 plugins.
Preloading 0 native plugins for Editor in 0.00 ms.
Initialize engine version: 2021.2.2f1 (5e2b1e92c7f8)
[Subsystems] Discovering subsystems at path C:/Program Files/Unity/Hub/Editor/2021.2.2f1/Editor/Data/Resources/UnitySubsystems
[Subsystems] Discovering subsystems at path D:/Projects/RogueLike/Assets
GfxDevice: creating device client; threaded=0; jobified=0
Direct3D:
    Version:  Direct3D 11.0 [level 11.0]
    Renderer: NVIDIA GeForce GTX 750 Ti (ID=0x1380)
    Vendor:   NVIDIA
    VRAM:     2007 MB
    Driver:   30.0.14.9676
Initialize mono
Mono path[0] = 'C:/Program Files/Unity/Hub/Editor/2021.2.2f1/Editor/Data/Managed'
Mono path[1] = 'C:/Program Files/Unity/Hub/Editor/2021.2.2f1/Editor/Data/MonoBleedingEdge/lib/mono/unityjit-win32'
Mono config path = 'C:/Program Files/Unity/Hub/Editor/2021.2.2f1/Editor/Data/MonoBleedingEdge/etc'
Using monoOptions --debugger-agent=transport=dt_socket,embedding=1,server=y,suspend=n,address=127.0.0.1:56700
Begin MonoManager ReloadAssembly
Registering precompiled unity dll's ...
Register platform support module: C:/Program Files/Unity/Hub/Editor/2021.2.2f1/Editor/Data/PlaybackEngines/WindowsStandaloneSupport/UnityEditor.WindowsStandalone.Extensions.dll
Registered in 0.008669 seconds.
Native extension for WindowsStandalone target not found
Refreshing native plugins compatible for Editor in 89.81 ms, found 3 plugins.
Preloading 0 native plugins for Editor in 0.00 ms.
Mono: successfully reloaded assembly
- Completed reload, in  0.811 seconds
Domain Reload Profiling:
	ReloadAssembly (812ms)
		BeginReloadAssembly (98ms)
			ExecutionOrderSort (0ms)
			DisableScriptedObjects (0ms)
			BackupInstance (0ms)
			ReleaseScriptingObjects (0ms)
			CreateAndSetChildDomain (1ms)
		EndReloadAssembly (603ms)
			LoadAssemblies (95ms)
			RebuildTransferFunctionScriptingTraits (0ms)
			SetupTypeCache (142ms)
			ReleaseScriptCaches (0ms)
			RebuildScriptCaches (38ms)
			SetupLoadedEditorAssemblies (358ms)
				LogAssemblyErrors (0ms)
				InitializePlatformSupportModulesInManaged (19ms)
				SetLoadedEditorAssemblies (0ms)
				RefreshPlugins (90ms)
				BeforeProcessingInitializeOnLoad (1ms)
				ProcessInitializeOnLoadAttributes (168ms)
				ProcessInitializeOnLoadMethodAttributes (79ms)
				AfterProcessingInitializeOnLoad (0ms)
				EditorAssembliesLoaded (0ms)
			ExecutionOrderSort2 (0ms)
			AwakeInstancesAfterBackupRestoration (0ms)
Platform modules already initialized, skipping
Registering precompiled user dll's ...
Registered in 0.003924 seconds.
Begin MonoManager ReloadAssembly
Symbol file LoadedFromMemory doesn't match image D:\Projects\RogueLike\Library\PackageCache\com.unity.visualscripting@1.7.5\Editor\VisualScripting.Core\Dependencies\YamlDotNet\Unity.VisualScripting.YamlDotNet.dll
Symbol file LoadedFromMemory doesn't match image D:\Projects\RogueLike\Library\PackageCache\com.unity.visualscripting@1.7.5\Editor\VisualScripting.Core\Dependencies\DotNetZip\Unity.VisualScripting.IonicZip.dll
Native extension for WindowsStandalone target not found
Refreshing native plugins compatible for Editor in 0.95 ms, found 3 plugins.
Preloading 0 native plugins for Editor in 0.00 ms.
Mono: successfully reloaded assembly
- Completed reload, in  1.510 seconds
Domain Reload Profiling:
	ReloadAssembly (1511ms)
		BeginReloadAssembly (242ms)
			ExecutionOrderSort (0ms)
			DisableScriptedObjects (9ms)
			BackupInstance (0ms)
			ReleaseScriptingObjects (0ms)
			CreateAndSetChildDomain (28ms)
		EndReloadAssembly (1141ms)
			LoadAssemblies (104ms)
			RebuildTransferFunctionScriptingTraits (0ms)
			SetupTypeCache (299ms)
			ReleaseScriptCaches (1ms)
			RebuildScriptCaches (80ms)
			SetupLoadedEditorAssemblies (539ms)
				LogAssemblyErrors (0ms)
				InitializePlatformSupportModulesInManaged (17ms)
				SetLoadedEditorAssemblies (1ms)
				RefreshPlugins (1ms)
				BeforeProcessingInitializeOnLoad (92ms)
				ProcessInitializeOnLoadAttributes (385ms)
				ProcessInitializeOnLoadMethodAttributes (33ms)
				AfterProcessingInitializeOnLoad (10ms)
				EditorAssembliesLoaded (0ms)
			ExecutionOrderSort2 (0ms)
			AwakeInstancesAfterBackupRestoration (7ms)
Platform modules already initialized, skipping
========================================================================
Worker process is ready to serve import requests
Launched and connected shader compiler UnityShaderCompiler.exe after 0.30 seconds
Refreshing native plugins compatible for Editor in 1.06 ms, found 3 plugins.
Preloading 0 native plugins for Editor in 0.00 ms.
Unloading 3079 Unused Serialized files (Serialized files now loaded: 0)
Unloading 23 unused Assets / (55.8 KB). Loaded Objects now: 3538.
Memory consumption went from 112.0 MB to 111.9 MB.
Total: 3.411200 ms (FindLiveObjects: 0.259200 ms CreateObjectMapping: 0.195800 ms MarkObjects: 2.853400 ms  DeleteObjects: 0.101600 ms)

AssetImportParameters requested are different than current active one (requested -> active):
  custom:video-decoder-ogg-theora: a1e56fd34408186e4bbccfd4996cb3dc -> 
  custom:container-muxer-webm: aa71ff27fc2769a1b78a27578f13a17b -> 
  custom:container-demuxer-webm: 4f35f7cbe854078d1ac9338744f61a02 -> 
  custom:video-encoder-webm-vp8: eb34c28f22e8b96e1ab97ce403110664 -> 
  custom:audio-encoder-webm-vorbis: bf7c407c2cedff20999df2af8eb42d56 -> 
  custom:framework-win-MediaFoundation: 216162199b28c13a410421893ffa2e32 -> 
  custom:container-demuxer-ogg: 62fdf1f143b41e24485cea50d1cbac27 -> 
  custom:video-decoder-webm-vp8: 9c59270c3fd7afecdb556c50c9e8de78 -> 
  custom:audio-decoder-ogg-vorbis: bf7c407c2cedff20999df2af8eb42d56 -> 
========================================================================
Received Import Request.
  Time since last request: 242005.325165 seconds.
  path: Assets/Dungeon/Models/fbx/wallSplit.fbx
  artifactKey: Guid(e2dd87aa96f6c5f4b9a6ebb613a06ee5) Importer(815301076,1909f56bfc062723c751e8b465ee728b)
Start importing Assets/Dungeon/Models/fbx/wallSplit.fbx using Guid(e2dd87aa96f6c5f4b9a6ebb613a06ee5) Importer(815301076,1909f56bfc062723c751e8b465ee728b)  -> (artifact id: '025143f7c51a5ff53debd903a346ffd5') in 0.304478 seconds 
========================================================================
Received Import Request.
  Time since last request: 0.000023 seconds.
  path: Assets/Dungeon/Models/dae/wallSplit.dae
  artifactKey: Guid(eb0c15ebc580e2547bdc3b1f0f000db0) Importer(815301076,1909f56bfc062723c751e8b465ee728b)
Start importing Assets/Dungeon/Models/dae/wallSplit.dae using Guid(eb0c15ebc580e2547bdc3b1f0f000db0) Importer(815301076,1909f56bfc062723c751e8b465ee728b)  -> (artifact id: '04ec8833de98502ee50ebf21166157c9') in 0.055681 seconds 
========================================================================
Received Import Request.
  Time since last request: 0.498561 seconds.
  path: Assets/Dungeon/Models/dae/wallSingle_windowGate.dae
  artifactKey: Guid(06c6d0bda0e44824ab4d3f4a7df62b7c) Importer(815301076,1909f56bfc062723c751e8b465ee728b)
Start importing Assets/Dungeon/Models/dae/wallSingle_windowGate.dae using Guid(06c6d0bda0e44824ab4d3f4a7df62b7c) Importer(815301076,1909f56bfc062723c751e8b465ee728b)  -> (artifact id: 'd6d1c058e1c9eb100a3ac53fd7c155d3') in 0.033386 seconds 
========================================================================
Received Import Request.
  Time since last request: 0.020259 seconds.
  path: Assets/Dungeon/Models/dae/wallSingle_window.dae
  artifactKey: Guid(c401658d2f746854bbc166b0977ac9d1) Importer(815301076,1909f56bfc062723c751e8b465ee728b)
Start importing Assets/Dungeon/Models/dae/wallSingle_window.dae using Guid(c401658d2f746854bbc166b0977ac9d1) Importer(815301076,1909f56bfc062723c751e8b465ee728b)  -> (artifact id: '493824b2670f85e42edd9327094ccf39') in 0.023850 seconds 
========================================================================
Received Import Request.
  Time since last request: 0.590335 seconds.
  path: Assets/Dungeon/Models/dae/wallSingle_split.dae
  artifactKey: Guid(93894319d0f15944baa55d73f560b0cb) Importer(815301076,1909f56bfc062723c751e8b465ee728b)
Start importing Assets/Dungeon/Models/dae/wallSingle_split.dae using Guid(93894319d0f15944baa55d73f560b0cb) Importer(815301076,1909f56bfc062723c751e8b465ee728b)  -> (artifact id: '69108deb194ec490b177b0591fd46989') in 0.050541 seconds 
========================================================================
Received Import Request.
  Time since last request: 0.890965 seconds.
  path: Assets/Dungeon/Models/dae/wallSingle_door.dae
  artifactKey: Guid(b984267e0c3d52148997c5824854dc10) Importer(815301076,1909f56bfc062723c751e8b465ee728b)
Start importing Assets/Dungeon/Models/dae/wallSingle_door.dae using Guid(b984267e0c3d52148997c5824854dc10) Importer(815301076,1909f56bfc062723c751e8b465ee728b)  -> (artifact id: '9af9f06d5daae54d8eb082b75ab09b82') in 0.064094 seconds 
========================================================================
Received Import Request.
  Time since last request: 0.150155 seconds.
  path: Assets/Dungeon/Models/dae/wallSingle_decorationB.dae
  artifactKey: Guid(09e87660d5d1c09448caaeed6b44f7f1) Importer(815301076,1909f56bfc062723c751e8b465ee728b)
Start importing Assets/Dungeon/Models/dae/wallSingle_decorationB.dae using Guid(09e87660d5d1c09448caaeed6b44f7f1) Importer(815301076,1909f56bfc062723c751e8b465ee728b)  -> (artifact id: '08a02ff323eabe538f1ec541c5b8f8d2') in 0.052826 seconds 
========================================================================
Received Import Request.
  Time since last request: 0.013414 seconds.
  path: Assets/Dungeon/Models/dae/wallSingle_decorationA.dae
  artifactKey: Guid(a40792ecc87f6b445a091caf76b7102e) Importer(815301076,1909f56bfc062723c751e8b465ee728b)
Start importing Assets/Dungeon/Models/dae/wallSingle_decorationA.dae using Guid(a40792ecc87f6b445a091caf76b7102e) Importer(815301076,1909f56bfc062723c751e8b465ee728b)  -> (artifact id: '5a2b56ff531b42e14329c1f4f736c721') in 0.038864 seconds 
========================================================================
Received Import Request.
  Time since last request: 0.134475 seconds.
  path: Assets/Dungeon/Models/dae/wallSingle_corner.dae
  artifactKey: Guid(75a6e8c52b67c42408757ad7b10f78c5) Importer(815301076,1909f56bfc062723c751e8b465ee728b)
Start importing Assets/Dungeon/Models/dae/wallSingle_corner.dae using Guid(75a6e8c52b67c42408757ad7b10f78c5) Importer(815301076,1909f56bfc062723c751e8b465ee728b)  -> (artifact id: 'e62147cd2bd0dc6fe9318bac7eb731ba') in 0.033397 seconds 
========================================================================
Received Import Request.
  Time since last request: 0.368113 seconds.
  path: Assets/Dungeon/Models/fbx/wallSingle_broken.fbx
  artifactKey: Guid(287621ff6be38ec4d9e7b2edf48f3e4a) Importer(815301076,1909f56bfc062723c751e8b465ee728b)
Start importing Assets/Dungeon/Models/fbx/wallSingle_broken.fbx using Guid(287621ff6be38ec4d9e7b2edf48f3e4a) Importer(815301076,1909f56bfc062723c751e8b465ee728b)  -> (artifact id: '4851afe0ecc8ae528d6208da1f28c7da') in 0.025158 seconds 
========================================================================
Received Import Request.
  Time since last request: 0.044206 seconds.
  path: Assets/Dungeon/Models/dae/wallSingle.dae
  artifactKey: Guid(434a5b7b69e86bf4a9158b943ae16520) Importer(815301076,1909f56bfc062723c751e8b465ee728b)
Start importing Assets/Dungeon/Models/dae/wallSingle.dae using Guid(434a5b7b69e86bf4a9158b943ae16520) Importer(815301076,1909f56bfc062723c751e8b465ee728b)  -> (artifact id: '446e55c25b4ba9e61c01511027377180') in 0.038727 seconds 
========================================================================
Received Import Request.
  Time since last request: 0.267499 seconds.
  path: Assets/Dungeon/Models/fbx/wallIntersection.fbx
  artifactKey: Guid(79f85f5f75d803d49ac3c2ad74f24ec6) Importer(815301076,1909f56bfc062723c751e8b465ee728b)
Start importing Assets/Dungeon/Models/fbx/wallIntersection.fbx using Guid(79f85f5f75d803d49ac3c2ad74f24ec6) Importer(815301076,1909f56bfc062723c751e8b465ee728b)  -> (artifact id: '120d0fa8ddb276aa7ec5cc71589413af') in 0.050293 seconds 
========================================================================
Received Import Request.
  Time since last request: 0.027066 seconds.
  path: Assets/Dungeon/Models/dae/wallDecorationB.dae
  artifactKey: Guid(8af6349516af95f46b0e1033bec3d08b) Importer(815301076,1909f56bfc062723c751e8b465ee728b)
Start importing Assets/Dungeon/Models/dae/wallDecorationB.dae using Guid(8af6349516af95f46b0e1033bec3d08b) Importer(815301076,1909f56bfc062723c751e8b465ee728b)  -> (artifact id: 'e66bb1e10be2479eefb1f45f7f00f5b1') in 0.027677 seconds 
========================================================================
Received Import Request.
  Time since last request: 0.206227 seconds.
  path: Assets/Dungeon/Models/fbx/wallDecorationA.fbx
  artifactKey: Guid(46682ed63da517441a4f50fd4f827dcb) Importer(815301076,1909f56bfc062723c751e8b465ee728b)
Start importing Assets/Dungeon/Models/fbx/wallDecorationA.fbx using Guid(46682ed63da517441a4f50fd4f827dcb) Importer(815301076,1909f56bfc062723c751e8b465ee728b)  -> (artifact id: '216c0a766fda43c8d3c6e36af9c020dd') in 0.025682 seconds 
========================================================================
Received Import Request.
  Time since last request: 0.064441 seconds.
  path: Assets/Dungeon/Models/dae/wallCorner.dae
  artifactKey: Guid(558c3dd3ccf85b64bbb966ffd7efe201) Importer(815301076,1909f56bfc062723c751e8b465ee728b)
Start importing Assets/Dungeon/Models/dae/wallCorner.dae using Guid(558c3dd3ccf85b64bbb966ffd7efe201) Importer(815301076,1909f56bfc062723c751e8b465ee728b)  -> (artifact id: 'e4a8a5b018d68020223eabb336243589') in 0.099875 seconds 
========================================================================
Received Import Request.
  Time since last request: 0.274311 seconds.
  path: Assets/Dungeon/Models/fbx/wall_windowGate.fbx
  artifactKey: Guid(0984486ed79a839468289b461153a306) Importer(815301076,1909f56bfc062723c751e8b465ee728b)
Start importing Assets/Dungeon/Models/fbx/wall_windowGate.fbx using Guid(0984486ed79a839468289b461153a306) Importer(815301076,1909f56bfc062723c751e8b465ee728b)  -> (artifact id: 'ddbfd9beb92b083e7022ad738396948a') in 0.042918 seconds 
========================================================================
Received Import Request.
  Time since last request: 0.000041 seconds.
  path: Assets/Dungeon/Models/dae/wall_window.dae
  artifactKey: Guid(92f917549b8a8d245a4ae4772f7cdcad) Importer(815301076,1909f56bfc062723c751e8b465ee728b)
Start importing Assets/Dungeon/Models/dae/wall_window.dae using Guid(92f917549b8a8d245a4ae4772f7cdcad) Importer(815301076,1909f56bfc062723c751e8b465ee728b)  -> (artifact id: '10355b0508f09642854b8a5bce19df15') in 0.031305 seconds 
========================================================================
Received Import Request.
  Time since last request: 0.092832 seconds.
  path: Assets/Dungeon/Models/fbx/wall_gateDoor.fbx
  artifactKey: Guid(2fc12bd066d02cf40a11c45bbb5e44d4) Importer(815301076,1909f56bfc062723c751e8b465ee728b)
Start importing Assets/Dungeon/Models/fbx/wall_gateDoor.fbx using Guid(2fc12bd066d02cf40a11c45bbb5e44d4) Importer(815301076,1909f56bfc062723c751e8b465ee728b)  -> (artifact id: 'b63de17b634bc00a2278b03ff3d730b8') in 0.030690 seconds 
========================================================================
Received Import Request.
  Time since last request: 0.057772 seconds.
  path: Assets/Dungeon/Models/fbx/wall_gateCorner.fbx
  artifactKey: Guid(1d614e559861f714793944c33ee04e4a) Importer(815301076,1909f56bfc062723c751e8b465ee728b)
Start importing Assets/Dungeon/Models/fbx/wall_gateCorner.fbx using Guid(1d614e559861f714793944c33ee04e4a) Importer(815301076,1909f56bfc062723c751e8b465ee728b)  -> (artifact id: '72ffe830cd7af882f25033e5fa1ffdb5') in 0.061106 seconds 
========================================================================
Received Import Request.
  Time since last request: 0.248790 seconds.
  path: Assets/Dungeon/Models/dae/wall_gate.dae
  artifactKey: Guid(4f555bcb9e7529f4ebf5f66bdd9b0b50) Importer(815301076,1909f56bfc062723c751e8b465ee728b)
Start importing Assets/Dungeon/Models/dae/wall_gate.dae using Guid(4f555bcb9e7529f4ebf5f66bdd9b0b50) Importer(815301076,1909f56bfc062723c751e8b465ee728b)  -> (artifact id: 'a9bada9beb3e69af4c6d597326c475c0') in 0.033117 seconds 
========================================================================
Received Import Request.
  Time since last request: 0.000023 seconds.
  path: Assets/Dungeon/Models/dae/wall_end.dae
  artifactKey: Guid(ee5c07c57ee6d1b43b78ab757b0be7ee) Importer(815301076,1909f56bfc062723c751e8b465ee728b)
Start importing Assets/Dungeon/Models/dae/wall_end.dae using Guid(ee5c07c57ee6d1b43b78ab757b0be7ee) Importer(815301076,1909f56bfc062723c751e8b465ee728b)  -> (artifact id: 'fdd67f91fe11e5ad91b2d5812702bc94') in 0.037434 seconds 
========================================================================
Received Import Request.
  Time since last request: 0.000028 seconds.
  path: Assets/Dungeon/Models/fbx/wall_end.fbx
  artifactKey: Guid(7a7a2c9eb65eb7b45b8de76d37b69734) Importer(815301076,1909f56bfc062723c751e8b465ee728b)
Start importing Assets/Dungeon/Models/fbx/wall_end.fbx using Guid(7a7a2c9eb65eb7b45b8de76d37b69734) Importer(815301076,1909f56bfc062723c751e8b465ee728b)  -> (artifact id: '592f41df8b8252d2ed69174d70777a90') in 0.042243 seconds 
========================================================================
Received Import Request.
  Time since last request: 0.301046 seconds.
  path: Assets/Dungeon/Models/fbx/wall_door.fbx
  artifactKey: Guid(d785d32b3de8dd24a8edfda6e4b82a59) Importer(815301076,1909f56bfc062723c751e8b465ee728b)
Start importing Assets/Dungeon/Models/fbx/wall_door.fbx using Guid(d785d32b3de8dd24a8edfda6e4b82a59) Importer(815301076,1909f56bfc062723c751e8b465ee728b)  -> (artifact id: '15397679817f6160dc3d3d29792ca112') in 0.027578 seconds 
========================================================================
Received Import Request.
  Time since last request: 0.000036 seconds.
  path: Assets/Dungeon/Models/fbx/wall_broken.fbx
  artifactKey: Guid(d1116825dee53f447bc0d1851c1c34a7) Importer(815301076,1909f56bfc062723c751e8b465ee728b)
Start importing Assets/Dungeon/Models/fbx/wall_broken.fbx using Guid(d1116825dee53f447bc0d1851c1c34a7) Importer(815301076,1909f56bfc062723c751e8b465ee728b)  -> (artifact id: 'cebf85443d018e1f10a91c411567d871') in 0.048633 seconds 
========================================================================
Received Import Request.
  Time since last request: 0.013434 seconds.
  path: Assets/Dungeon/Models/dae/trapdoor.dae
  artifactKey: Guid(d7f5314392e9ffe44be7111d25f2709f) Importer(815301076,1909f56bfc062723c751e8b465ee728b)
Start importing Assets/Dungeon/Models/dae/trapdoor.dae using Guid(d7f5314392e9ffe44be7111d25f2709f) Importer(815301076,1909f56bfc062723c751e8b465ee728b)  -> (artifact id: '5f7cfb84e8da10df7f97c24b87bb49ee') in 0.067206 seconds 
========================================================================
Received Import Request.
  Time since last request: 71.900496 seconds.
  path: Assets/Dungeon/Models/obj/artifact.obj
  artifactKey: Guid(4e3eea2c84d02eb48b6ac46fe1b3dff9) Importer(815301076,1909f56bfc062723c751e8b465ee728b)
Start importing Assets/Dungeon/Models/obj/artifact.obj using Guid(4e3eea2c84d02eb48b6ac46fe1b3dff9) Importer(815301076,1909f56bfc062723c751e8b465ee728b)  -> (artifact id: 'a8152483c0c807e907530c053d1cb050') in 0.036524 seconds 
========================================================================
Received Import Request.
  Time since last request: 0.000021 seconds.
  path: Assets/Dungeon/Models/obj/bookcaseWideFilled.obj
  artifactKey: Guid(37e56244889ad4a4184c8ad5b5fa4956) Importer(815301076,1909f56bfc062723c751e8b465ee728b)
Start importing Assets/Dungeon/Models/obj/bookcaseWideFilled.obj using Guid(37e56244889ad4a4184c8ad5b5fa4956) Importer(815301076,1909f56bfc062723c751e8b465ee728b)  -> (artifact id: '806778ea379dacb062ffca1c79806065') in 0.078875 seconds 
========================================================================
Received Import Request.
  Time since last request: 0.000032 seconds.
  path: Assets/Dungeon/Models/obj/axeDouble_common.obj
  artifactKey: Guid(9b88ca6aa2437374da7b049466af00f0) Importer(815301076,1909f56bfc062723c751e8b465ee728b)
Start importing Assets/Dungeon/Models/obj/axeDouble_common.obj using Guid(9b88ca6aa2437374da7b049466af00f0) Importer(815301076,1909f56bfc062723c751e8b465ee728b)  -> (artifact id: '0aba53ee81b28cb7d080e553358a59c6') in 0.036570 seconds 
========================================================================
Received Import Request.
  Time since last request: 0.000032 seconds.
  path: Assets/Dungeon/Models/obj/axe_common.obj
  artifactKey: Guid(0f1cb2fbe972ee04fadcabbd2b68b328) Importer(815301076,1909f56bfc062723c751e8b465ee728b)
Start importing Assets/Dungeon/Models/obj/axe_common.obj using Guid(0f1cb2fbe972ee04fadcabbd2b68b328) Importer(815301076,1909f56bfc062723c751e8b465ee728b)  -> (artifact id: '20d528b4359049b2926682c2ffe92a4f') in 0.059149 seconds 
========================================================================
Received Import Request.
  Time since last request: 0.000061 seconds.
  path: Assets/Dungeon/Models/obj/chest_common_empty.obj
  artifactKey: Guid(00ecbef8ea51cba42b04f6fc9fad7169) Importer(815301076,1909f56bfc062723c751e8b465ee728b)
Start importing Assets/Dungeon/Models/obj/chest_common_empty.obj using Guid(00ecbef8ea51cba42b04f6fc9fad7169) Importer(815301076,1909f56bfc062723c751e8b465ee728b)  -> (artifact id: 'b8ce919bc7aafa15e072eedfedf93ab0') in 0.063341 seconds 
========================================================================
Received Import Request.
  Time since last request: 0.000020 seconds.
  path: Assets/Dungeon/Models/obj/bookcaseWide.obj
  artifactKey: Guid(95236cce6cb162b4199d8d7bb1b58bc7) Importer(815301076,1909f56bfc062723c751e8b465ee728b)
Start importing Assets/Dungeon/Models/obj/bookcaseWide.obj using Guid(95236cce6cb162b4199d8d7bb1b58bc7) Importer(815301076,1909f56bfc062723c751e8b465ee728b)  -> (artifact id: '39dd42d3ca917e455a3d3ed9825e6db7') in 0.032892 seconds 
========================================================================
Received Import Request.
  Time since last request: 0.000048 seconds.
  path: Assets/Dungeon/Models/obj/bookF.obj
  artifactKey: Guid(cb66a236e0786a04c93bc4c8e1c26e05) Importer(815301076,1909f56bfc062723c751e8b465ee728b)
Start importing Assets/Dungeon/Models/obj/bookF.obj using Guid(cb66a236e0786a04c93bc4c8e1c26e05) Importer(815301076,1909f56bfc062723c751e8b465ee728b)  -> (artifact id: '05ccbd09256cc7615c02806560354b14') in 0.041370 seconds 
========================================================================
Received Import Request.
  Time since last request: 0.000044 seconds.
  path: Assets/Dungeon/Models/obj/axe_uncommon.obj
  artifactKey: Guid(b20258f5bd455144ea93a47facb11cab) Importer(815301076,1909f56bfc062723c751e8b465ee728b)
Start importing Assets/Dungeon/Models/obj/axe_uncommon.obj using Guid(b20258f5bd455144ea93a47facb11cab) Importer(815301076,1909f56bfc062723c751e8b465ee728b)  -> (artifact id: 'e465be674969a66e5a4d4edc4c209bf0') in 0.043107 seconds 
========================================================================
Received Import Request.
  Time since last request: 0.000023 seconds.
  path: Assets/Dungeon/Models/obj/bookcase.obj
  artifactKey: Guid(35c08d6a5184cea4aa1acb726ad33d0e) Importer(815301076,1909f56bfc062723c751e8b465ee728b)
Start importing Assets/Dungeon/Models/obj/bookcase.obj using Guid(35c08d6a5184cea4aa1acb726ad33d0e) Importer(815301076,1909f56bfc062723c751e8b465ee728b)  -> (artifact id: '66f258b5cff46adbcd3e8efff6f1e26f') in 0.031100 seconds 
========================================================================
Received Import Request.
  Time since last request: 0.000016 seconds.
  path: Assets/Dungeon/Models/obj/chestTop_common_empty.obj
  artifactKey: Guid(4c02b7893e7747a488d45850d952b80c) Importer(815301076,1909f56bfc062723c751e8b465ee728b)
Start importing Assets/Dungeon/Models/obj/chestTop_common_empty.obj using Guid(4c02b7893e7747a488d45850d952b80c) Importer(815301076,1909f56bfc062723c751e8b465ee728b)  -> (artifact id: '3f4fbbb26064b40e285afbc7d0724566') in 0.036276 seconds 
========================================================================
Received Import Request.
  Time since last request: 0.000041 seconds.
  path: Assets/Dungeon/Models/obj/bookcase_broken.obj
  artifactKey: Guid(544cb0bebbb45e841aff8c0434e56db1) Importer(815301076,1909f56bfc062723c751e8b465ee728b)
Start importing Assets/Dungeon/Models/obj/bookcase_broken.obj using Guid(544cb0bebbb45e841aff8c0434e56db1) Importer(815301076,1909f56bfc062723c751e8b465ee728b)  -> (artifact id: '26e4ca87436a64d2d3adb12c8a4e371d') in 0.030187 seconds 
========================================================================
Received Import Request.
  Time since last request: 0.000051 seconds.
  path: Assets/Dungeon/Models/obj/bookOpenB.obj
  artifactKey: Guid(26d99103f2a9387499fb3ff45fe766be) Importer(815301076,1909f56bfc062723c751e8b465ee728b)
Start importing Assets/Dungeon/Models/obj/bookOpenB.obj using Guid(26d99103f2a9387499fb3ff45fe766be) Importer(815301076,1909f56bfc062723c751e8b465ee728b)  -> (artifact id: '4c21af8ce8112b13a1e44bcd0132021d') in 0.066167 seconds 
========================================================================
Received Import Request.
  Time since last request: 0.000024 seconds.
  path: Assets/Dungeon/Models/obj/chair.obj
  artifactKey: Guid(7ac94d0ac9d996649b106fb531bef05d) Importer(815301076,1909f56bfc062723c751e8b465ee728b)
Start importing Assets/Dungeon/Models/obj/chair.obj using Guid(7ac94d0ac9d996649b106fb531bef05d) Importer(815301076,1909f56bfc062723c751e8b465ee728b)  -> (artifact id: '3aec36a40beb981343660363d57f34cb') in 0.034367 seconds 
========================================================================
Received Import Request.
  Time since last request: 0.000021 seconds.
  path: Assets/Dungeon/Models/obj/bookcaseWide_broken.obj
  artifactKey: Guid(3c1494530272b3545ab99139d24a0b0f) Importer(815301076,1909f56bfc062723c751e8b465ee728b)
Start importing Assets/Dungeon/Models/obj/bookcaseWide_broken.obj using Guid(3c1494530272b3545ab99139d24a0b0f) Importer(815301076,1909f56bfc062723c751e8b465ee728b)  -> (artifact id: 'ab7c3b67802bd08ad86da5a777fccf3f') in 0.036482 seconds 
========================================================================
Received Import Request.
  Time since last request: 0.000023 seconds.
  path: Assets/Dungeon/Models/obj/axeDouble_uncommon.obj
  artifactKey: Guid(8b1b97d4ed804084fbef0facddae03e4) Importer(815301076,1909f56bfc062723c751e8b465ee728b)
Start importing Assets/Dungeon/Models/obj/axeDouble_uncommon.obj using Guid(8b1b97d4ed804084fbef0facddae03e4) Importer(815301076,1909f56bfc062723c751e8b465ee728b)  -> (artifact id: 'beb9caf7a3afb6ea1f0fc9b0d2b43c4c') in 0.058453 seconds 
========================================================================
Received Import Request.
  Time since last request: 0.000022 seconds.
  path: Assets/Dungeon/Models/obj/chestTop_rare.obj
  artifactKey: Guid(0388029bb3fac7b46bf00b944d4c4c86) Importer(815301076,1909f56bfc062723c751e8b465ee728b)
Start importing Assets/Dungeon/Models/obj/chestTop_rare.obj using Guid(0388029bb3fac7b46bf00b944d4c4c86) Importer(815301076,1909f56bfc062723c751e8b465ee728b)  -> (artifact id: 'e05c3e297a6dff936885d3337fa8dd9e') in 0.038706 seconds 
========================================================================
Received Import Request.
  Time since last request: 0.000059 seconds.
  path: Assets/Dungeon/Models/obj/bookcaseFilled.obj
  artifactKey: Guid(52133a24aac149042a7c5a72397ca087) Importer(815301076,1909f56bfc062723c751e8b465ee728b)
Start importing Assets/Dungeon/Models/obj/bookcaseFilled.obj using Guid(52133a24aac149042a7c5a72397ca087) Importer(815301076,1909f56bfc062723c751e8b465ee728b)  -> (artifact id: '4d7c63c27454c6eb3a98ea1e4ca27274') in 0.069318 seconds 
========================================================================
Received Import Request.
  Time since last request: 0.000020 seconds.
  path: Assets/Dungeon/Models/obj/chestTop_common.obj
  artifactKey: Guid(af0b99c321d0d0645a99f4fd2781333b) Importer(815301076,1909f56bfc062723c751e8b465ee728b)
Start importing Assets/Dungeon/Models/obj/chestTop_common.obj using Guid(af0b99c321d0d0645a99f4fd2781333b) Importer(815301076,1909f56bfc062723c751e8b465ee728b)  -> (artifact id: 'ec8d0087aef1bc1ac5d943ff149155de') in 0.037361 seconds 
========================================================================
Received Import Request.
  Time since last request: 0.000021 seconds.
  path: Assets/Dungeon/Models/obj/bricks.obj
  artifactKey: Guid(7c4fc3307c412824bb87d4f8c396182f) Importer(815301076,1909f56bfc062723c751e8b465ee728b)
Start importing Assets/Dungeon/Models/obj/bricks.obj using Guid(7c4fc3307c412824bb87d4f8c396182f) Importer(815301076,1909f56bfc062723c751e8b465ee728b)  -> (artifact id: '9d54c57a4db7277e416097cbaf3cb29c') in 0.033933 seconds 
========================================================================
Received Import Request.
  Time since last request: 0.796144 seconds.
  path: Assets/Dungeon/Models/obj/chestTop_uncommon.obj
  artifactKey: Guid(2f2d5d3c74083bd49b7451dd2a851a69) Importer(815301076,1909f56bfc062723c751e8b465ee728b)
Start importing Assets/Dungeon/Models/obj/chestTop_uncommon.obj using Guid(2f2d5d3c74083bd49b7451dd2a851a69) Importer(815301076,1909f56bfc062723c751e8b465ee728b)  -> (artifact id: 'ae8f48f1077c71ee4152468b1f5fb02c') in 0.042083 seconds 
========================================================================
Received Import Request.
  Time since last request: 0.000025 seconds.
  path: Assets/Dungeon/Models/obj/coinsLarge.obj
  artifactKey: Guid(e471d1be221768844bb8a26573e2c82e) Importer(815301076,1909f56bfc062723c751e8b465ee728b)
Start importing Assets/Dungeon/Models/obj/coinsLarge.obj using Guid(e471d1be221768844bb8a26573e2c82e) Importer(815301076,1909f56bfc062723c751e8b465ee728b)  -> (artifact id: '1501bd2b932e1659fd8b7e5df784eb74') in 0.036568 seconds 
========================================================================
Received Import Request.
  Time since last request: 0.000033 seconds.
  path: Assets/Dungeon/Models/obj/coin.obj
  artifactKey: Guid(efc9523a9ff8e5e43ad3688ac28e93cf) Importer(815301076,1909f56bfc062723c751e8b465ee728b)
Start importing Assets/Dungeon/Models/obj/coin.obj using Guid(efc9523a9ff8e5e43ad3688ac28e93cf) Importer(815301076,1909f56bfc062723c751e8b465ee728b)  -> (artifact id: '31a762807a728fa06f0d1429dca8c7b3') in 0.038031 seconds 
========================================================================
Received Import Request.
  Time since last request: 0.000030 seconds.
  path: Assets/Dungeon/Models/obj/chestTop_uncommon_mimic.obj
  artifactKey: Guid(136a4d56ff820134f8e01d371d4ef8d5) Importer(815301076,1909f56bfc062723c751e8b465ee728b)
Start importing Assets/Dungeon/Models/obj/chestTop_uncommon_mimic.obj using Guid(136a4d56ff820134f8e01d371d4ef8d5) Importer(815301076,1909f56bfc062723c751e8b465ee728b)  -> (artifact id: '6c25ffde5cccbe0e86c02b694ed292fa') in 0.067125 seconds 
========================================================================
Received Import Request.
  Time since last request: 0.000034 seconds.
  path: Assets/Dungeon/Models/obj/cratePlatform_medium.obj
  artifactKey: Guid(ead108965563761408366a12951ec900) Importer(815301076,1909f56bfc062723c751e8b465ee728b)
Start importing Assets/Dungeon/Models/obj/cratePlatform_medium.obj using Guid(ead108965563761408366a12951ec900) Importer(815301076,1909f56bfc062723c751e8b465ee728b)  -> (artifact id: '415d747737d0465668ef56ea7d9e9891') in 0.039742 seconds 
========================================================================
Received Import Request.
  Time since last request: 0.000030 seconds.
  path: Assets/Dungeon/Models/obj/crossbow_uncommon.obj
  artifactKey: Guid(3b9e47bdc1981e64c94bc3ed21b497ed) Importer(815301076,1909f56bfc062723c751e8b465ee728b)
Start importing Assets/Dungeon/Models/obj/crossbow_uncommon.obj using Guid(3b9e47bdc1981e64c94bc3ed21b497ed) Importer(815301076,1909f56bfc062723c751e8b465ee728b)  -> (artifact id: '941dff7db84b6a0335497b197a512665') in 0.037683 seconds 
========================================================================
Received Import Request.
  Time since last request: 0.000030 seconds.
  path: Assets/Dungeon/Models/obj/crossbow_rare.obj
  artifactKey: Guid(5f36cdba648826841bd6538ae3979e17) Importer(815301076,1909f56bfc062723c751e8b465ee728b)
Start importing Assets/Dungeon/Models/obj/crossbow_rare.obj using Guid(5f36cdba648826841bd6538ae3979e17) Importer(815301076,1909f56bfc062723c751e8b465ee728b)  -> (artifact id: 'a45667e9a1d45c2d1ffe196740d1f8d0') in 0.039500 seconds 
========================================================================
Received Import Request.
  Time since last request: 0.000027 seconds.
  path: Assets/Dungeon/Models/obj/dagger_common.obj
  artifactKey: Guid(eb5a281c69fe44e4b890c0af0c13e938) Importer(815301076,1909f56bfc062723c751e8b465ee728b)
Start importing Assets/Dungeon/Models/obj/dagger_common.obj using Guid(eb5a281c69fe44e4b890c0af0c13e938) Importer(815301076,1909f56bfc062723c751e8b465ee728b)  -> (artifact id: '12e14ddef7a26cbfab366e61fbcc8589') in 0.043915 seconds 
========================================================================
Received Import Request.
  Time since last request: 0.199256 seconds.
  path: Assets/Dungeon/Models/obj/dagger_uncommon.obj
  artifactKey: Guid(f7430306997798645904d38862399687) Importer(815301076,1909f56bfc062723c751e8b465ee728b)
Start importing Assets/Dungeon/Models/obj/dagger_uncommon.obj using Guid(f7430306997798645904d38862399687) Importer(815301076,1909f56bfc062723c751e8b465ee728b)  -> (artifact id: 'c37fd314872717a2b47bf3d444d1245f') in 0.039475 seconds 
========================================================================
Received Import Request.
  Time since last request: 0.000021 seconds.
  path: Assets/Dungeon/Models/obj/floorDecoration_shatteredBricks.obj
  artifactKey: Guid(0982508d8a93dd948bd6ae3f360f5ce1) Importer(815301076,1909f56bfc062723c751e8b465ee728b)
Start importing Assets/Dungeon/Models/obj/floorDecoration_shatteredBricks.obj using Guid(0982508d8a93dd948bd6ae3f360f5ce1) Importer(815301076,1909f56bfc062723c751e8b465ee728b)  -> (artifact id: 'c71864fee792dd9d5e2c7a6325cffdd7') in 0.032344 seconds 
========================================================================
Received Import Request.
  Time since last request: 0.000027 seconds.
  path: Assets/Dungeon/Models/obj/floorDecoration_tilesSmall.obj
  artifactKey: Guid(32a2300abc0865342b5d02d725e21276) Importer(815301076,1909f56bfc062723c751e8b465ee728b)
Start importing Assets/Dungeon/Models/obj/floorDecoration_tilesSmall.obj using Guid(32a2300abc0865342b5d02d725e21276) Importer(815301076,1909f56bfc062723c751e8b465ee728b)  -> (artifact id: '3db921360462c389bf7ea469570afbd4') in 0.029896 seconds 
========================================================================
Received Import Request.
  Time since last request: 0.000022 seconds.
  path: Assets/Dungeon/Models/obj/floorDecoration_wood.obj
  artifactKey: Guid(5fc14fa59ebbeda40843e589a9183bca) Importer(815301076,1909f56bfc062723c751e8b465ee728b)
Start importing Assets/Dungeon/Models/obj/floorDecoration_wood.obj using Guid(5fc14fa59ebbeda40843e589a9183bca) Importer(815301076,1909f56bfc062723c751e8b465ee728b)  -> (artifact id: '94ed52d985ea865b7c78b8f0f8b789da') in 0.037373 seconds 
========================================================================
Received Import Request.
  Time since last request: 0.045053 seconds.
  path: Assets/Dungeon/Models/obj/floorDecoration_woodRight.obj
  artifactKey: Guid(6c7d514186105a845bcfe25f4c773a10) Importer(815301076,1909f56bfc062723c751e8b465ee728b)
Start importing Assets/Dungeon/Models/obj/floorDecoration_woodRight.obj using Guid(6c7d514186105a845bcfe25f4c773a10) Importer(815301076,1909f56bfc062723c751e8b465ee728b)  -> (artifact id: '1ef2ac5f90af2d83d87bd454265e0575') in 0.026434 seconds 
========================================================================
Received Import Request.
  Time since last request: 0.000029 seconds.
  path: Assets/Dungeon/Models/obj/hammer_common.obj
  artifactKey: Guid(84983b874678f034cbbb4bf26ab3b391) Importer(815301076,1909f56bfc062723c751e8b465ee728b)
Start importing Assets/Dungeon/Models/obj/hammer_common.obj using Guid(84983b874678f034cbbb4bf26ab3b391) Importer(815301076,1909f56bfc062723c751e8b465ee728b)  -> (artifact id: 'ff6f71a8470b53bc8b9d49d9b9415bcb') in 0.036467 seconds 
========================================================================
Received Import Request.
  Time since last request: 0.000020 seconds.
  path: Assets/Dungeon/Models/obj/hammer_rare.obj
  artifactKey: Guid(2b04c766f28e96040bad57f329dde1e8) Importer(815301076,1909f56bfc062723c751e8b465ee728b)
Start importing Assets/Dungeon/Models/obj/hammer_rare.obj using Guid(2b04c766f28e96040bad57f329dde1e8) Importer(815301076,1909f56bfc062723c751e8b465ee728b)  -> (artifact id: '21ae6d1cc262bac54fc8276d994b13e5') in 0.044631 seconds 
========================================================================
Received Import Request.
  Time since last request: 0.000021 seconds.
  path: Assets/Dungeon/Models/obj/mug.obj
  artifactKey: Guid(dab8e5188a0dcdc4a8e009c5f4e13373) Importer(815301076,1909f56bfc062723c751e8b465ee728b)
Start importing Assets/Dungeon/Models/obj/mug.obj using Guid(dab8e5188a0dcdc4a8e009c5f4e13373) Importer(815301076,1909f56bfc062723c751e8b465ee728b)  -> (artifact id: '5102792c61875df4279f9c574c405c74') in 0.040107 seconds 
========================================================================
Received Import Request.
  Time since last request: 4.622966 seconds.
  path: Assets/Dungeon/Models/obj/pillar_broken.obj
  artifactKey: Guid(ae7b175012b2e4046bb5e2d8fb5e753a) Importer(815301076,1909f56bfc062723c751e8b465ee728b)
Start importing Assets/Dungeon/Models/obj/pillar_broken.obj using Guid(ae7b175012b2e4046bb5e2d8fb5e753a) Importer(815301076,1909f56bfc062723c751e8b465ee728b)  -> (artifact id: 'ddf76b34f110d19e01f6d63eb9ab14c4') in 0.040491 seconds 
========================================================================
Received Import Request.
  Time since last request: 0.000031 seconds.
  path: Assets/Dungeon/Models/obj/potA_decorated.obj
  artifactKey: Guid(8b55aef009bd647429899c5abe8745df) Importer(815301076,1909f56bfc062723c751e8b465ee728b)
Start importing Assets/Dungeon/Models/obj/potA_decorated.obj using Guid(8b55aef009bd647429899c5abe8745df) Importer(815301076,1909f56bfc062723c751e8b465ee728b)  -> (artifact id: '18fffb04889a940c817c7f0e13dee286') in 0.041242 seconds 
========================================================================
Received Import Request.
  Time since last request: 0.000030 seconds.
  path: Assets/Dungeon/Models/obj/plateFull.obj
  artifactKey: Guid(00ce25548c70f95479f070261d17bdb3) Importer(815301076,1909f56bfc062723c751e8b465ee728b)
Start importing Assets/Dungeon/Models/obj/plateFull.obj using Guid(00ce25548c70f95479f070261d17bdb3) Importer(815301076,1909f56bfc062723c751e8b465ee728b)  -> (artifact id: '337a26d370afd43c05ad20838aaa317a') in 0.060661 seconds 
========================================================================
Received Import Request.
  Time since last request: 89.101127 seconds.
  path: Assets/Dungeon/Models/obj/potC.obj
  artifactKey: Guid(9dc69897ca6c9a842a9213141ec2a282) Importer(815301076,1909f56bfc062723c751e8b465ee728b)
Start importing Assets/Dungeon/Models/obj/potC.obj using Guid(9dc69897ca6c9a842a9213141ec2a282) Importer(815301076,1909f56bfc062723c751e8b465ee728b)  -> (artifact id: '56dede0cf04bf464b70a8e628b3176ba') in 0.034379 seconds 
========================================================================
Received Import Request.
  Time since last request: 0.000041 seconds.
  path: Assets/Dungeon/Models/obj/potC_decorated.obj
  artifactKey: Guid(116bca0eab460ad438196f1712af71ac) Importer(815301076,1909f56bfc062723c751e8b465ee728b)
Start importing Assets/Dungeon/Models/obj/potC_decorated.obj using Guid(116bca0eab460ad438196f1712af71ac) Importer(815301076,1909f56bfc062723c751e8b465ee728b)  -> (artifact id: 'eeca3c2550e2547c0ef62b1fc44ef9f2') in 0.040405 seconds 
========================================================================
Received Import Request.
  Time since last request: 0.000028 seconds.
  path: Assets/Dungeon/Models/obj/potionMedium_blue.obj
  artifactKey: Guid(d8e57f73d8f551f4da5171aac22e0388) Importer(815301076,1909f56bfc062723c751e8b465ee728b)
Start importing Assets/Dungeon/Models/obj/potionMedium_blue.obj using Guid(d8e57f73d8f551f4da5171aac22e0388) Importer(815301076,1909f56bfc062723c751e8b465ee728b)  -> (artifact id: '22fbe407c0cd02fa0292239960887db0') in 0.242762 seconds 
========================================================================
Received Import Request.
  Time since last request: 0.000044 seconds.
  path: Assets/Dungeon/Models/obj/quiver_empty.obj
  artifactKey: Guid(bbf69e319d7240145ba9070085ec3b1a) Importer(815301076,1909f56bfc062723c751e8b465ee728b)
Start importing Assets/Dungeon/Models/obj/quiver_empty.obj using Guid(bbf69e319d7240145ba9070085ec3b1a) Importer(815301076,1909f56bfc062723c751e8b465ee728b)  -> (artifact id: '38065bd2e894df93eeffc78488673726') in 0.033987 seconds 
========================================================================
Received Import Request.
  Time since last request: 0.005653 seconds.
  path: Assets/Dungeon/Models/obj/pots.obj
  artifactKey: Guid(3825d732e9625b64aac10c6a6def99f4) Importer(815301076,1909f56bfc062723c751e8b465ee728b)
Start importing Assets/Dungeon/Models/obj/pots.obj using Guid(3825d732e9625b64aac10c6a6def99f4) Importer(815301076,1909f56bfc062723c751e8b465ee728b)  -> (artifact id: '2730a92fdd3f6f0666f45cade7016bc4') in 0.033008 seconds 
========================================================================
Received Import Request.
  Time since last request: 0.000028 seconds.
  path: Assets/Dungeon/Models/obj/quiver_full.obj
  artifactKey: Guid(953f51022c71b4447bf71d300378e140) Importer(815301076,1909f56bfc062723c751e8b465ee728b)
Start importing Assets/Dungeon/Models/obj/quiver_full.obj using Guid(953f51022c71b4447bf71d300378e140) Importer(815301076,1909f56bfc062723c751e8b465ee728b)  -> (artifact id: 'e9fed60aa1b3f9af629d1470cacb15cd') in 0.035672 seconds 
========================================================================
Received Import Request.
  Time since last request: 0.000018 seconds.
  path: Assets/Dungeon/Models/obj/potionMedium_green.obj
  artifactKey: Guid(7c2d45b02fd450641b3508cf3decb2a9) Importer(815301076,1909f56bfc062723c751e8b465ee728b)
Start importing Assets/Dungeon/Models/obj/potionMedium_green.obj using Guid(7c2d45b02fd450641b3508cf3decb2a9) Importer(815301076,1909f56bfc062723c751e8b465ee728b)  -> (artifact id: 'cf022b863319430691e64f0c355baa8e') in 0.043985 seconds 
========================================================================
Received Import Request.
  Time since last request: 0.000025 seconds.
  path: Assets/Dungeon/Models/obj/quiver_half_full.obj
  artifactKey: Guid(bdc011b4c7bde0346abb6b3df82d3ed5) Importer(815301076,1909f56bfc062723c751e8b465ee728b)
Start importing Assets/Dungeon/Models/obj/quiver_half_full.obj using Guid(bdc011b4c7bde0346abb6b3df82d3ed5) Importer(815301076,1909f56bfc062723c751e8b465ee728b)  -> (artifact id: '737459aa3ac93cd1822a998050eae43a') in 0.044404 seconds 
========================================================================
Received Import Request.
  Time since last request: 0.000028 seconds.
  path: Assets/Dungeon/Models/obj/potionSmall_red.obj
  artifactKey: Guid(745a0729f1ac04440b0520f48ada408d) Importer(815301076,1909f56bfc062723c751e8b465ee728b)
Start importing Assets/Dungeon/Models/obj/potionSmall_red.obj using Guid(745a0729f1ac04440b0520f48ada408d) Importer(815301076,1909f56bfc062723c751e8b465ee728b)  -> (artifact id: '287595e967cdab7ffbb85b988feb4c32') in 0.049310 seconds 
========================================================================
Received Import Request.
  Time since last request: 0.000050 seconds.
  path: Assets/Dungeon/Models/obj/scaffold_high_cornerBoth.obj
  artifactKey: Guid(8eec3e59528a50d49a698f99fa970eef) Importer(815301076,1909f56bfc062723c751e8b465ee728b)
Start importing Assets/Dungeon/Models/obj/scaffold_high_cornerBoth.obj using Guid(8eec3e59528a50d49a698f99fa970eef) Importer(815301076,1909f56bfc062723c751e8b465ee728b)  -> (artifact id: 'a5a2aeb7cc08d7532cb4ed9f7a0b3999') in 0.036611 seconds 
========================================================================
Received Import Request.
  Time since last request: 0.000021 seconds.
  path: Assets/Dungeon/Models/obj/scaffold_low_cornerLeft.obj
  artifactKey: Guid(aa31fcd953935c24e96787a4a28f2696) Importer(815301076,1909f56bfc062723c751e8b465ee728b)
Start importing Assets/Dungeon/Models/obj/scaffold_low_cornerLeft.obj using Guid(aa31fcd953935c24e96787a4a28f2696) Importer(815301076,1909f56bfc062723c751e8b465ee728b)  -> (artifact id: 'b97c652bb824b2c3d7654af919370e36') in 0.036373 seconds 
========================================================================
Received Import Request.
  Time since last request: 0.000021 seconds.
  path: Assets/Dungeon/Models/obj/scaffold_high_cornerLeft.obj
  artifactKey: Guid(f130a2d5dc5c5a94b9b9b41e85910fd3) Importer(815301076,1909f56bfc062723c751e8b465ee728b)
Start importing Assets/Dungeon/Models/obj/scaffold_high_cornerLeft.obj using Guid(f130a2d5dc5c5a94b9b9b41e85910fd3) Importer(815301076,1909f56bfc062723c751e8b465ee728b)  -> (artifact id: '57ce2d1c30ec8228942f1f862dc95165') in 0.050339 seconds 
========================================================================
Received Import Request.
  Time since last request: 0.281800 seconds.
  path: Assets/Dungeon/Models/obj/scaffold_low_railing.obj
  artifactKey: Guid(134b9484369d59f43aeca57a6cde6f37) Importer(815301076,1909f56bfc062723c751e8b465ee728b)
Start importing Assets/Dungeon/Models/obj/scaffold_low_railing.obj using Guid(134b9484369d59f43aeca57a6cde6f37) Importer(815301076,1909f56bfc062723c751e8b465ee728b)  -> (artifact id: '607b031362bc52d05a0362345274657d') in 0.048694 seconds 
========================================================================
Received Import Request.
  Time since last request: 0.000031 seconds.
  path: Assets/Dungeon/Models/obj/scaffold_medium_railing.obj
  artifactKey: Guid(6352136759066f349b2a5a0b3fa7dafd) Importer(815301076,1909f56bfc062723c751e8b465ee728b)
Start importing Assets/Dungeon/Models/obj/scaffold_medium_railing.obj using Guid(6352136759066f349b2a5a0b3fa7dafd) Importer(815301076,1909f56bfc062723c751e8b465ee728b)  -> (artifact id: '0a4ed7cbc7cc946e03fa54c8575dee10') in 0.037611 seconds 
========================================================================
Received Import Request.
  Time since last request: 0.000029 seconds.
  path: Assets/Dungeon/Models/obj/scaffold_medium_cornerLeft.obj
  artifactKey: Guid(b293026a8568ac94f95b493c7af14f09) Importer(815301076,1909f56bfc062723c751e8b465ee728b)
Start importing Assets/Dungeon/Models/obj/scaffold_medium_cornerLeft.obj using Guid(b293026a8568ac94f95b493c7af14f09) Importer(815301076,1909f56bfc062723c751e8b465ee728b)  -> (artifact id: 'f3cf80edb98279e4093dc5b37fbfd47f') in 0.036661 seconds 
========================================================================
Received Import Request.
  Time since last request: 0.000030 seconds.
  path: Assets/Dungeon/Models/obj/scaffold_medium_cornerBoth.obj
  artifactKey: Guid(3fc1e1a69a834db48b0d5d195393147c) Importer(815301076,1909f56bfc062723c751e8b465ee728b)
Start importing Assets/Dungeon/Models/obj/scaffold_medium_cornerBoth.obj using Guid(3fc1e1a69a834db48b0d5d195393147c) Importer(815301076,1909f56bfc062723c751e8b465ee728b)  -> (artifact id: '882aa950fb7d7ffcbabad0ebfda41738') in 0.028184 seconds 
========================================================================
Received Import Request.
  Time since last request: 0.042742 seconds.
  path: Assets/Dungeon/Models/obj/scaffold_small_high_cornerRight.obj
  artifactKey: Guid(dee192aeb7f51d1448f74e698f7f5887) Importer(815301076,1909f56bfc062723c751e8b465ee728b)
Start importing Assets/Dungeon/Models/obj/scaffold_small_high_cornerRight.obj using Guid(dee192aeb7f51d1448f74e698f7f5887) Importer(815301076,1909f56bfc062723c751e8b465ee728b)  -> (artifact id: '2b7b33618bdf0aba62665695ffc307e0') in 0.031035 seconds 
========================================================================
Received Import Request.
  Time since last request: 0.000039 seconds.
  path: Assets/Dungeon/Models/obj/scaffold_small_low_cornerRight.obj
  artifactKey: Guid(0348f4e21f894134d8a65473027e898d) Importer(815301076,1909f56bfc062723c751e8b465ee728b)
Start importing Assets/Dungeon/Models/obj/scaffold_small_low_cornerRight.obj using Guid(0348f4e21f894134d8a65473027e898d) Importer(815301076,1909f56bfc062723c751e8b465ee728b)  -> (artifact id: 'aa6b1a59d3fd74c134c5e80bf4d5b180') in 0.038744 seconds 
========================================================================
Received Import Request.
  Time since last request: 0.000019 seconds.
  path: Assets/Dungeon/Models/obj/scaffold_small_low_cornerLeft.obj
  artifactKey: Guid(548a45e75a8bfa040b0cb3d4701c9300) Importer(815301076,1909f56bfc062723c751e8b465ee728b)
Start importing Assets/Dungeon/Models/obj/scaffold_small_low_cornerLeft.obj using Guid(548a45e75a8bfa040b0cb3d4701c9300) Importer(815301076,1909f56bfc062723c751e8b465ee728b)  -> (artifact id: '5779a82d620bb89d4b05438656d58e1e') in 0.039671 seconds 
========================================================================
Received Import Request.
  Time since last request: 0.000021 seconds.
  path: Assets/Dungeon/Models/obj/scaffold_small_medium_cornerLeft.obj
  artifactKey: Guid(6f95b6a10f54d09419adb8cbfed02745) Importer(815301076,1909f56bfc062723c751e8b465ee728b)
Start importing Assets/Dungeon/Models/obj/scaffold_small_medium_cornerLeft.obj using Guid(6f95b6a10f54d09419adb8cbfed02745) Importer(815301076,1909f56bfc062723c751e8b465ee728b)  -> (artifact id: '8e3d845e0265ea88eed3ba1f749d927e') in 0.033603 seconds 
========================================================================
Received Import Request.
  Time since last request: 0.000040 seconds.
  path: Assets/Dungeon/Models/obj/scaffold_small_medium_cornerRight.obj
  artifactKey: Guid(11ddc8514b78f4943abd3175964883b0) Importer(815301076,1909f56bfc062723c751e8b465ee728b)
Start importing Assets/Dungeon/Models/obj/scaffold_small_medium_cornerRight.obj using Guid(11ddc8514b78f4943abd3175964883b0) Importer(815301076,1909f56bfc062723c751e8b465ee728b)  -> (artifact id: '10cde6979e520ba722a4afb7096410f5') in 0.040681 seconds 
========================================================================
Received Import Request.
  Time since last request: 0.000030 seconds.
  path: Assets/Dungeon/Models/obj/scaffold_small_medium_railing.obj
  artifactKey: Guid(04dedf1fce0f98c47af5b1c70bd7558b) Importer(815301076,1909f56bfc062723c751e8b465ee728b)
Start importing Assets/Dungeon/Models/obj/scaffold_small_medium_railing.obj using Guid(04dedf1fce0f98c47af5b1c70bd7558b) Importer(815301076,1909f56bfc062723c751e8b465ee728b)  -> (artifact id: 'ed0e6ba7486bb923eb3029e39a83d52f') in 0.046172 seconds 
========================================================================
Received Import Request.
  Time since last request: 0.000038 seconds.
  path: Assets/Dungeon/Models/obj/shield_common.obj
  artifactKey: Guid(9d2df6824cb6b1b40b391fb562d8f9bd) Importer(815301076,1909f56bfc062723c751e8b465ee728b)
Start importing Assets/Dungeon/Models/obj/shield_common.obj using Guid(9d2df6824cb6b1b40b391fb562d8f9bd) Importer(815301076,1909f56bfc062723c751e8b465ee728b)  -> (artifact id: '0f29ddd4560968aa5fe4cf0d8309418f') in 0.044652 seconds 
========================================================================
Received Import Request.
  Time since last request: 0.000018 seconds.
  path: Assets/Dungeon/Models/obj/scaffold_small_low_railing_long.obj
  artifactKey: Guid(5a358d8edaad1cc4f9700bc77c39e4cb) Importer(815301076,1909f56bfc062723c751e8b465ee728b)
Start importing Assets/Dungeon/Models/obj/scaffold_small_low_railing_long.obj using Guid(5a358d8edaad1cc4f9700bc77c39e4cb) Importer(815301076,1909f56bfc062723c751e8b465ee728b)  -> (artifact id: '80162fa2a65ad8356eb7579ea69adf96') in 0.037748 seconds 
========================================================================
Received Import Request.
  Time since last request: 0.000027 seconds.
  path: Assets/Dungeon/Models/obj/spellBook.obj
  artifactKey: Guid(80011fbe1cc9f7a41828aadd0ddcee7f) Importer(815301076,1909f56bfc062723c751e8b465ee728b)
Start importing Assets/Dungeon/Models/obj/spellBook.obj using Guid(80011fbe1cc9f7a41828aadd0ddcee7f) Importer(815301076,1909f56bfc062723c751e8b465ee728b)  -> (artifact id: 'a2a9cb47c7caf56cb9f0078522215c5d') in 0.054033 seconds 
========================================================================
Received Import Request.
  Time since last request: 0.000032 seconds.
  path: Assets/Dungeon/Models/obj/shield_rare.obj
  artifactKey: Guid(3e163a0bb77740a4f9afe8325e77a0a0) Importer(815301076,1909f56bfc062723c751e8b465ee728b)
Start importing Assets/Dungeon/Models/obj/shield_rare.obj using Guid(3e163a0bb77740a4f9afe8325e77a0a0) Importer(815301076,1909f56bfc062723c751e8b465ee728b)  -> (artifact id: '8a17e0610bc4a90dd876627af37b9175') in 0.048218 seconds 
========================================================================
Received Import Request.
  Time since last request: 0.000025 seconds.
  path: Assets/Dungeon/Models/obj/scaffold_small_medium_railing_long.obj
  artifactKey: Guid(4ff88f43e5606174db339a4408dc0844) Importer(815301076,1909f56bfc062723c751e8b465ee728b)
Start importing Assets/Dungeon/Models/obj/scaffold_small_medium_railing_long.obj using Guid(4ff88f43e5606174db339a4408dc0844) Importer(815301076,1909f56bfc062723c751e8b465ee728b)  -> (artifact id: '38e8735cd6184be22aabcc537aae7a05') in 0.032890 seconds 
========================================================================
Received Import Request.
  Time since last request: 0.916607 seconds.
  path: Assets/Dungeon/Models/obj/stairs.obj
  artifactKey: Guid(e8d9ff7b10399474083f5e0cf30bbfc6) Importer(815301076,1909f56bfc062723c751e8b465ee728b)
Start importing Assets/Dungeon/Models/obj/stairs.obj using Guid(e8d9ff7b10399474083f5e0cf30bbfc6) Importer(815301076,1909f56bfc062723c751e8b465ee728b)  -> (artifact id: '2e4e2b97d2d63000f17b0423b35784c2') in 0.030045 seconds 
========================================================================
Received Import Request.
  Time since last request: 0.000019 seconds.
  path: Assets/Dungeon/Models/obj/sword_uncommon.obj
  artifactKey: Guid(8d596e040f9e2bc4faf212c17cda0143) Importer(815301076,1909f56bfc062723c751e8b465ee728b)
Start importing Assets/Dungeon/Models/obj/sword_uncommon.obj using Guid(8d596e040f9e2bc4faf212c17cda0143) Importer(815301076,1909f56bfc062723c751e8b465ee728b)  -> (artifact id: '2063bc7a1b0c1247c8b850c1ab0e080f') in 0.044597 seconds 
========================================================================
Received Import Request.
  Time since last request: 0.000015 seconds.
  path: Assets/Dungeon/Models/obj/tableLarge.obj
  artifactKey: Guid(0c123706f25f5be4aab5e5ddec42dbe0) Importer(815301076,1909f56bfc062723c751e8b465ee728b)
Start importing Assets/Dungeon/Models/obj/tableLarge.obj using Guid(0c123706f25f5be4aab5e5ddec42dbe0) Importer(815301076,1909f56bfc062723c751e8b465ee728b)  -> (artifact id: 'e2c4c84304ec5680caad33741553eebc') in 0.031462 seconds 
========================================================================
Received Import Request.
  Time since last request: 0.000022 seconds.
  path: Assets/Dungeon/Models/obj/sword_common.obj
  artifactKey: Guid(d03921bb0b040a64d8be800ab1f583d8) Importer(815301076,1909f56bfc062723c751e8b465ee728b)
Start importing Assets/Dungeon/Models/obj/sword_common.obj using Guid(d03921bb0b040a64d8be800ab1f583d8) Importer(815301076,1909f56bfc062723c751e8b465ee728b)  -> (artifact id: '67c7dec39d3d77fde06c027f84dc43fd') in 0.043978 seconds 
========================================================================
Received Import Request.
  Time since last request: 0.336409 seconds.
  path: Assets/Dungeon/Models/obj/tableSmall.obj
  artifactKey: Guid(35394504f1f7498409431a77a35f0f45) Importer(815301076,1909f56bfc062723c751e8b465ee728b)
Start importing Assets/Dungeon/Models/obj/tableSmall.obj using Guid(35394504f1f7498409431a77a35f0f45) Importer(815301076,1909f56bfc062723c751e8b465ee728b)  -> (artifact id: '9065501b3e087bb0f239196c3fb150f6') in 0.030598 seconds 
========================================================================
Received Import Request.
  Time since last request: 0.000071 seconds.
  path: Assets/Dungeon/Models/obj/tileBrickB_largeCrackedA.obj
  artifactKey: Guid(80b7612a5f71a254ca0682e30111264a) Importer(815301076,1909f56bfc062723c751e8b465ee728b)
Start importing Assets/Dungeon/Models/obj/tileBrickB_largeCrackedA.obj using Guid(80b7612a5f71a254ca0682e30111264a) Importer(815301076,1909f56bfc062723c751e8b465ee728b)  -> (artifact id: '1785a30216a495198b938e946dbf8370') in 0.034086 seconds 
========================================================================
Received Import Request.
  Time since last request: 0.000025 seconds.
  path: Assets/Dungeon/Models/obj/tileBrickB_large.obj
  artifactKey: Guid(ab6775905ec8b2140a737708217ebea7) Importer(815301076,1909f56bfc062723c751e8b465ee728b)
Start importing Assets/Dungeon/Models/obj/tileBrickB_large.obj using Guid(ab6775905ec8b2140a737708217ebea7) Importer(815301076,1909f56bfc062723c751e8b465ee728b)  -> (artifact id: 'f1f6af445a20bfeb54fd37a64a572a73') in 0.031893 seconds 
========================================================================
Received Import Request.
  Time since last request: 0.000050 seconds.
  path: Assets/Dungeon/Models/obj/tileBrickB_largeCrackedB.obj
  artifactKey: Guid(91f74ee4c712d094fa7f253f0bdd47e1) Importer(815301076,1909f56bfc062723c751e8b465ee728b)
Start importing Assets/Dungeon/Models/obj/tileBrickB_largeCrackedB.obj using Guid(91f74ee4c712d094fa7f253f0bdd47e1) Importer(815301076,1909f56bfc062723c751e8b465ee728b)  -> (artifact id: '19cf01a05e5d9a8d4a3b7dc5230fe63c') in 0.043504 seconds 
========================================================================
Received Import Request.
  Time since last request: 0.656891 seconds.
  path: Assets/Dungeon/Models/obj/tileBrickB_small.obj
  artifactKey: Guid(eaf878540315ab04d962ffeb15774c3c) Importer(815301076,1909f56bfc062723c751e8b465ee728b)
Start importing Assets/Dungeon/Models/obj/tileBrickB_small.obj using Guid(eaf878540315ab04d962ffeb15774c3c) Importer(815301076,1909f56bfc062723c751e8b465ee728b)  -> (artifact id: '56683250e7d6e6efde17195f74cf9869') in 0.046153 seconds 
========================================================================
Received Import Request.
  Time since last request: 0.000033 seconds.
  path: Assets/Dungeon/Models/obj/tileSpikes_shallow.obj
  artifactKey: Guid(0949a23b330a1d44dab247de2b995257) Importer(815301076,1909f56bfc062723c751e8b465ee728b)
Start importing Assets/Dungeon/Models/obj/tileSpikes_shallow.obj using Guid(0949a23b330a1d44dab247de2b995257) Importer(815301076,1909f56bfc062723c751e8b465ee728b)  -> (artifact id: '728bad302f8afd7243882aef54320985') in 0.055966 seconds 
========================================================================
Received Import Request.
  Time since last request: 0.000037 seconds.
  path: Assets/Dungeon/Models/obj/tileSpikes_large.obj
  artifactKey: Guid(c913524969aa3ad419ea53e775388791) Importer(815301076,1909f56bfc062723c751e8b465ee728b)
Start importing Assets/Dungeon/Models/obj/tileSpikes_large.obj using Guid(c913524969aa3ad419ea53e775388791) Importer(815301076,1909f56bfc062723c751e8b465ee728b)  -> (artifact id: '00e0975e0a7069e875714ac510c0a99b') in 0.045334 seconds 
========================================================================
Received Import Request.
  Time since last request: 0.000037 seconds.
  path: Assets/Dungeon/Models/obj/torchWall.obj
  artifactKey: Guid(2fcf9cd39b77a4240844d3d9412c9f86) Importer(815301076,1909f56bfc062723c751e8b465ee728b)
Start importing Assets/Dungeon/Models/obj/torchWall.obj using Guid(2fcf9cd39b77a4240844d3d9412c9f86) Importer(815301076,1909f56bfc062723c751e8b465ee728b)  -> (artifact id: '8ddfe276325d9703af214ad5315c741b') in 0.054826 seconds 
========================================================================
Received Import Request.
  Time since last request: 0.354695 seconds.
  path: Assets/Dungeon/Models/obj/wall_broken.obj
  artifactKey: Guid(10a097b8a16cc96418a0f39e141634cd) Importer(815301076,1909f56bfc062723c751e8b465ee728b)
Start importing Assets/Dungeon/Models/obj/wall_broken.obj using Guid(10a097b8a16cc96418a0f39e141634cd) Importer(815301076,1909f56bfc062723c751e8b465ee728b)  -> (artifact id: '8d4ada40f11e90b4a7a115aeaa4be323') in 0.029626 seconds 
========================================================================
Received Import Request.
  Time since last request: 0.000024 seconds.
  path: Assets/Dungeon/Models/obj/wall_end_broken.obj
  artifactKey: Guid(0155122b2bc5f38429cdf805757c8d35) Importer(815301076,1909f56bfc062723c751e8b465ee728b)
Start importing Assets/Dungeon/Models/obj/wall_end_broken.obj using Guid(0155122b2bc5f38429cdf805757c8d35) Importer(815301076,1909f56bfc062723c751e8b465ee728b)  -> (artifact id: '5a34dbc247c5e56b645600c41a589d5f') in 0.035016 seconds 
========================================================================
Received Import Request.
  Time since last request: 0.000043 seconds.
  path: Assets/Dungeon/Models/obj/wall_gate.obj
  artifactKey: Guid(a73523f4c456e4b4c9f5a1ca4d704244) Importer(815301076,1909f56bfc062723c751e8b465ee728b)
Start importing Assets/Dungeon/Models/obj/wall_gate.obj using Guid(a73523f4c456e4b4c9f5a1ca4d704244) Importer(815301076,1909f56bfc062723c751e8b465ee728b)  -> (artifact id: '7e444bc77b1e1821addc838c240622f8') in 0.043444 seconds 
========================================================================
Received Import Request.
  Time since last request: 0.000031 seconds.
  path: Assets/Dungeon/Models/obj/wall_gateDoor.obj
  artifactKey: Guid(95d6be81c9b0cac4993e552c54e5602c) Importer(815301076,1909f56bfc062723c751e8b465ee728b)
Start importing Assets/Dungeon/Models/obj/wall_gateDoor.obj using Guid(95d6be81c9b0cac4993e552c54e5602c) Importer(815301076,1909f56bfc062723c751e8b465ee728b)  -> (artifact id: '7826bf534c6f2e430aa0e825de75650d') in 0.039696 seconds 
========================================================================
Received Import Request.
  Time since last request: 2.221049 seconds.
  path: Assets/Dungeon/Models/obj/wall_windowGate.obj
  artifactKey: Guid(08954c626ec85d146ab4f7d48457035d) Importer(815301076,1909f56bfc062723c751e8b465ee728b)
Start importing Assets/Dungeon/Models/obj/wall_windowGate.obj using Guid(08954c626ec85d146ab4f7d48457035d) Importer(815301076,1909f56bfc062723c751e8b465ee728b)  -> (artifact id: '566dba100e390f7959e25bc76b76e1a5') in 0.046163 seconds 
========================================================================
Received Import Request.
  Time since last request: 0.000025 seconds.
  path: Assets/Dungeon/Models/obj/wallDecorationA.obj
  artifactKey: Guid(205a7593099e04846a8ab9c2759f036e) Importer(815301076,1909f56bfc062723c751e8b465ee728b)
Start importing Assets/Dungeon/Models/obj/wallDecorationA.obj using Guid(205a7593099e04846a8ab9c2759f036e) Importer(815301076,1909f56bfc062723c751e8b465ee728b)  -> (artifact id: 'd3f07cc266fc3683d883399027c203c8') in 0.038865 seconds 
========================================================================
Received Import Request.
  Time since last request: 0.000016 seconds.
  path: Assets/Dungeon/Models/obj/wallCorner.obj
  artifactKey: Guid(ddd416b6ab4d60e4782707f8c1908e38) Importer(815301076,1909f56bfc062723c751e8b465ee728b)
Start importing Assets/Dungeon/Models/obj/wallCorner.obj using Guid(ddd416b6ab4d60e4782707f8c1908e38) Importer(815301076,1909f56bfc062723c751e8b465ee728b)  -> (artifact id: '06a44bd6f9243c6ee5f3936211a7bafc') in 0.040128 seconds 
========================================================================
Received Import Request.
  Time since last request: 0.000022 seconds.
  path: Assets/Dungeon/Models/obj/wallDecorationB.obj
  artifactKey: Guid(46b0dd386d6c3b64a8061bbf85debbdd) Importer(815301076,1909f56bfc062723c751e8b465ee728b)
Start importing Assets/Dungeon/Models/obj/wallDecorationB.obj using Guid(46b0dd386d6c3b64a8061bbf85debbdd) Importer(815301076,1909f56bfc062723c751e8b465ee728b)  -> (artifact id: '0fa6e1985dc618a0a771e8458de09b89') in 0.037913 seconds 
========================================================================
Received Import Request.
  Time since last request: 16.387200 seconds.
  path: Assets/Dungeon/Models/obj/wallSingle_decorationA.obj
  artifactKey: Guid(09d2654d724a9ff4a9aeeff4030fdfb3) Importer(815301076,1909f56bfc062723c751e8b465ee728b)
Start importing Assets/Dungeon/Models/obj/wallSingle_decorationA.obj using Guid(09d2654d724a9ff4a9aeeff4030fdfb3) Importer(815301076,1909f56bfc062723c751e8b465ee728b)  -> (artifact id: '9e643534e84578bafd64568643288639') in 0.034825 seconds 
========================================================================
Received Import Request.
  Time since last request: 0.000016 seconds.
  path: Assets/Dungeon/Models/obj/wallSingle_window.obj
  artifactKey: Guid(14d553404b3fd094f83d6822f1eac7ae) Importer(815301076,1909f56bfc062723c751e8b465ee728b)
Start importing Assets/Dungeon/Models/obj/wallSingle_window.obj using Guid(14d553404b3fd094f83d6822f1eac7ae) Importer(815301076,1909f56bfc062723c751e8b465ee728b)  -> (artifact id: '7a404e1d5989cefd784218e7bb46d178') in 0.040800 seconds 
========================================================================
Received Import Request.
  Time since last request: 0.000023 seconds.
  path: Assets/Dungeon/Models/obj/wallSplit.obj
  artifactKey: Guid(a1402f5f243fa4b46a37c81d55b553fc) Importer(815301076,1909f56bfc062723c751e8b465ee728b)
Start importing Assets/Dungeon/Models/obj/wallSplit.obj using Guid(a1402f5f243fa4b46a37c81d55b553fc) Importer(815301076,1909f56bfc062723c751e8b465ee728b)  -> (artifact id: 'fdbf8b1b7fab1029a2c13f81d0f5acbf') in 0.036183 seconds 
========================================================================
Received Import Request.
  Time since last request: 0.000025 seconds.
  path: Assets/Dungeon/Models/obj/wallSingle_decorationB.obj
  artifactKey: Guid(fb897951233c96844b85f5d8e5e03e01) Importer(815301076,1909f56bfc062723c751e8b465ee728b)
Start importing Assets/Dungeon/Models/obj/wallSingle_decorationB.obj using Guid(fb897951233c96844b85f5d8e5e03e01) Importer(815301076,1909f56bfc062723c751e8b465ee728b)  -> (artifact id: '3e658b88558a48f1347fec8b26b38995') in 0.037095 seconds 
